bibata-cursor-theme
bulky
cinnamon-sounds
circle-flags
debtap
drawio-desktop-bin
google-chrome
hypnotix
iso-flag-png
lightdm-settings
mint-backgrounds-tessa
mint-backgrounds-ulyana
mint-backgrounds-ulyssa
mint-backgrounds-uma
mint-backgrounds-una
mint-backgrounds-vanessa
mint-backgrounds-vera
mint-backgrounds-victoria
mint-backgrounds-virginia
mint-backgrounds-wilma
pix
mint-backgrounds-xia
mint-themes
mint-x-icons
plymouth-theme-archlinux
mint-y-icons
mintlocale
mintstick
pamac-aur
sqlitestudio-bin
sticky
xviewer
ttf-ms-win11-auto
visual-studio-code-bin
webapp-manager
xcursor-dmz
zotero-bin
yay
zoom
grub-theme-linux-mint
file-roller-linuxmint
megasync-bin
sublime-text-4
sublime-merge
yandex-browser
