make
wget
gpg
git
libstdc++-dev
g++
gcc
nano
tar
apt-transport-https
command-not-found
openssl
libncurses5-dev
openssh-server
openssh-client
mc
fzf
build-essential
cmake
ninja-build
libtool-bin
autoconf
zlib1g-dev
liblzma-dev
xz-utils
automake
pkg-config
vsftpd
samba
libreadline-dev
tk-dev
ca-certificates
libtree-sitter-dev
tree-sitter-cli
tree-sitter
gettext
tmux
bison
flex
binutils
libgdbm-dev
qrencode
libc6-dev
libbz2-dev
libffi-dev
zlib1g-dev
tesseract-ocr
tesseract-ocr-rus
python-is-python3
unzip
unrar
lz4
zstd
libncursesw5-dev
libssl-dev
libsqlite3-dev
curl
python3-pip
python3-numpy
python3-matplotlib
python3-lxml
python3-pil
python3-requests
python3-markdown-it
python3-mdit-py-plugins
python3-markdown
python3-scipy
python3-venv
python3-bs4
rclone
rsync
tree
