make
wget
gpg
git
libstdc++-14-dev
g++
gcc
lsb-release
nano
ffmpeg
libvlc-bin
libleveldb-dev
libvlc-dev
tar
bind9-dnsutils
lsof
dos2unix
apt-transport-https
command-not-found
openssl
libncurses-dev
openssh-server
openssh-client
mc
fzf
build-essential
cmake
ninja-build
gnupg2
ca-certificates
lsb-release
debian-archive-keyring
libtool-bin
autoconf
zlib1g-dev
liblzma-dev
xz-utils
automake
pkg-config
libreadline-dev
tk-dev
ca-certificates
libtree-sitter-dev
gettext
tmux
bison
ripgrep
flex
binutils
graphviz
libgdbm-dev
qrencode
libc6-dev
libbz2-dev
libffi-dev
zlib1g-dev
tesseract-ocr
tesseract-ocr-rus
python-is-python3
unzip
unrar-free
lz4
zstd
libncurses-dev
libssl-dev
libsqlite3-dev
curl
python3-pip
python3-numpy
python3-matplotlib
python3-lxml
python3-pil
python3-requests
python3-markdown-it
python3-mdit-py-plugins
python3-markdown
python3-scipy
python3-venv
python3-bs4
rclone
rsync
tree
